2024-12-24 14:40:39 [main] DEBUG org.testng.TestNG - suiteXmlPath: "C:\Users\ADMIN\IdeaProjects\OpencartV121\testng.xml"
2024-12-24 14:40:39 [main] INFO  org.testng.internal.Utils - [TestNG] Running:
  C:\Users\ADMIN\IdeaProjects\OpencartV121\testng.xml

2024-12-24 14:40:44 [TestNG-test-Test-1] INFO  testCases.TC001_AccountRegistrationTest - Started ********* TC001_AccountRegistrationTest ***********
2024-12-24 14:40:45 [TestNG-test-Test-1] INFO  testCases.TC001_AccountRegistrationTest - Clicked on MyAccount link...
2024-12-24 14:40:46 [TestNG-test-Test-1] INFO  testCases.TC001_AccountRegistrationTest - Clicked on Register link...
2024-12-24 14:40:48 [TestNG-test-Test-1] INFO  testCases.TC001_AccountRegistrationTest - Validating expected message......
2024-12-24 14:40:48 [TestNG-test-Test-1] INFO  testCases.TC001_AccountRegistrationTest - Finished ********* TC001_AccountRegistrationTest ***********
2024-12-24 15:57:27 [main] DEBUG org.testng.TestNG - suiteXmlPath: "C:\Users\ADMIN\IdeaProjects\OpencartV121\testng.xml"
2024-12-24 15:57:28 [main] INFO  org.testng.internal.Utils - [TestNG] Running:
  C:\Users\ADMIN\IdeaProjects\OpencartV121\testng.xml

2024-12-24 15:57:33 [TestNG-test-Test-1] INFO  testCases.TC001_AccountRegistrationTest - Started ********* TC001_AccountRegistrationTest ***********
2024-12-24 15:57:33 [TestNG-test-Test-2] INFO  testCases.TC002_LoginTest - ***** Starting TC_002_LoginTest *******
2024-12-24 15:57:33 [TestNG-test-Test-1] INFO  testCases.TC001_AccountRegistrationTest - Clicked on MyAccount link...
2024-12-24 15:57:34 [TestNG-test-Test-1] INFO  testCases.TC001_AccountRegistrationTest - Clicked on Register link...
2024-12-24 15:57:36 [TestNG-test-Test-2] INFO  testCases.TC002_LoginTest - ***** Finished TC_002_LoginTest *******
2024-12-24 15:57:36 [TestNG-test-Test-1] INFO  testCases.TC001_AccountRegistrationTest - Validating expected message......
2024-12-24 15:57:36 [TestNG-test-Test-1] INFO  testCases.TC001_AccountRegistrationTest - Finished ********* TC001_AccountRegistrationTest ***********
2024-12-24 15:59:10 [main] DEBUG org.testng.TestNG - suiteXmlPath: "C:\Users\ADMIN\IdeaProjects\OpencartV121\testng.xml"
2024-12-24 15:59:10 [main] INFO  org.testng.internal.Utils - [TestNG] Running:
  C:\Users\ADMIN\IdeaProjects\OpencartV121\testng.xml

2024-12-24 15:59:14 [TestNG-test-Test-1] INFO  testCases.TC001_AccountRegistrationTest - Started ********* TC001_AccountRegistrationTest ***********
2024-12-24 15:59:14 [TestNG-test-Test-2] INFO  testCases.TC002_LoginTest - ***** Starting TC_002_LoginTest *******
2024-12-24 15:59:14 [TestNG-test-Test-1] INFO  testCases.TC001_AccountRegistrationTest - Clicked on MyAccount link...
2024-12-24 15:59:15 [TestNG-test-Test-1] INFO  testCases.TC001_AccountRegistrationTest - Clicked on Register link...
2024-12-24 15:59:16 [TestNG-test-Test-2] INFO  testCases.TC002_LoginTest - ***** Finished TC_002_LoginTest *******
2024-12-24 15:59:16 [TestNG-test-Test-1] INFO  testCases.TC001_AccountRegistrationTest - Validating expected message......
2024-12-24 15:59:16 [TestNG-test-Test-1] INFO  testCases.TC001_AccountRegistrationTest - Finished ********* TC001_AccountRegistrationTest ***********
2024-12-24 17:12:46 [main] DEBUG org.testng.TestNG - suiteXmlPath: "C:\Users\ADMIN\IdeaProjects\OpencartV121\testng.xml"
2024-12-24 17:12:46 [main] INFO  org.testng.internal.Utils - [TestNG] Running:
  C:\Users\ADMIN\IdeaProjects\OpencartV121\testng.xml

2024-12-24 17:12:51 [TestNG-test-Test-1] INFO  testCases.TC001_AccountRegistrationTest - Started ********* TC001_AccountRegistrationTest ***********
2024-12-24 17:12:52 [TestNG-test-Test-2] INFO  testCases.TC002_LoginTest - ***** Starting TC_002_LoginTest *******
2024-12-24 17:12:52 [TestNG-test-Test-1] INFO  testCases.TC001_AccountRegistrationTest - Clicked on MyAccount link...
2024-12-24 17:12:53 [TestNG-test-Test-1] INFO  testCases.TC001_AccountRegistrationTest - Clicked on Register link...
2024-12-24 17:12:54 [TestNG-test-Test-2] INFO  testCases.TC002_LoginTest - ***** Finished TC_002_LoginTest *******
2024-12-24 17:12:55 [TestNG-test-Test-1] INFO  testCases.TC001_AccountRegistrationTest - Validating expected message......
2024-12-24 17:12:55 [TestNG-test-Test-1] INFO  testCases.TC001_AccountRegistrationTest - Finished ********* TC001_AccountRegistrationTest ***********
