2024-12-21 18:11:28 [main] DEBUG org.testng.TestNG - suiteXmlPath: "C:\Users\ADMIN\IdeaProjects\OpencartV121\testng.xml"
2024-12-21 18:11:28 [main] INFO  org.testng.internal.Utils - [TestNG] Running:
  C:\Users\ADMIN\IdeaProjects\OpencartV121\testng.xml

2024-12-21 18:11:33 [TestNG-test-Test-1] INFO  testCases.TC001_AccountRegistrationTest - Started ********* TC001_AccountRegistrationTest ***********
2024-12-21 18:11:34 [TestNG-test-Test-1] INFO  testCases.TC001_AccountRegistrationTest - Clicked on MyAccount link...
2024-12-21 18:11:36 [TestNG-test-Test-1] INFO  testCases.TC001_AccountRegistrationTest - Clicked on Register link...
2024-12-21 18:11:38 [TestNG-test-Test-1] INFO  testCases.TC001_AccountRegistrationTest - Validating expected message......
2024-12-21 18:11:38 [TestNG-test-Test-1] INFO  testCases.TC001_AccountRegistrationTest - Finished ********* TC001_AccountRegistrationTest ***********
2024-12-21 18:12:00 [main] DEBUG org.testng.TestNG - suiteXmlPath: "C:\Users\ADMIN\IdeaProjects\OpencartV121\testng.xml"
2024-12-21 18:12:01 [main] INFO  org.testng.internal.Utils - [TestNG] Running:
  C:\Users\ADMIN\IdeaProjects\OpencartV121\testng.xml

2024-12-21 18:12:18 [TestNG-test-Test-1] INFO  testCases.TC001_AccountRegistrationTest - Started ********* TC001_AccountRegistrationTest ***********
2024-12-21 18:12:19 [TestNG-test-Test-1] INFO  testCases.TC001_AccountRegistrationTest - Clicked on MyAccount link...
2024-12-21 18:12:19 [TestNG-test-Test-1] INFO  testCases.TC001_AccountRegistrationTest - Clicked on Register link...
2024-12-21 18:12:21 [TestNG-test-Test-1] INFO  testCases.TC001_AccountRegistrationTest - Validating expected message......
2024-12-21 18:12:21 [TestNG-test-Test-1] INFO  testCases.TC001_AccountRegistrationTest - Finished ********* TC001_AccountRegistrationTest ***********
2024-12-21 18:33:08 [main] DEBUG org.testng.TestNG - suiteXmlPath: "C:\Users\ADMIN\IdeaProjects\OpencartV121\crossbrowsertesting.xml"
2024-12-21 18:33:08 [main] INFO  org.testng.internal.Utils - [TestNG] Running:
  C:\Users\ADMIN\IdeaProjects\OpencartV121\crossbrowsertesting.xml

2024-12-21 18:33:13 [TestNG-tests-2] INFO  testCases.TC001_AccountRegistrationTest - Started ********* TC001_AccountRegistrationTest ***********
2024-12-21 18:33:14 [TestNG-tests-1] INFO  testCases.TC001_AccountRegistrationTest - Started ********* TC001_AccountRegistrationTest ***********
2024-12-21 18:33:14 [TestNG-tests-2] INFO  testCases.TC001_AccountRegistrationTest - Clicked on MyAccount link...
2024-12-21 18:33:14 [TestNG-tests-2] INFO  testCases.TC001_AccountRegistrationTest - Clicked on Register link...
2024-12-21 18:33:14 [TestNG-tests-1] INFO  testCases.TC001_AccountRegistrationTest - Clicked on MyAccount link...
2024-12-21 18:33:15 [TestNG-tests-1] INFO  testCases.TC001_AccountRegistrationTest - Clicked on Register link...
2024-12-21 18:33:16 [TestNG-tests-2] INFO  testCases.TC001_AccountRegistrationTest - Validating expected message......
2024-12-21 18:33:16 [TestNG-tests-2] INFO  testCases.TC001_AccountRegistrationTest - Finished ********* TC001_AccountRegistrationTest ***********
2024-12-21 18:33:16 [TestNG-tests-1] INFO  testCases.TC001_AccountRegistrationTest - Validating expected message......
2024-12-21 18:33:16 [TestNG-tests-1] INFO  testCases.TC001_AccountRegistrationTest - Finished ********* TC001_AccountRegistrationTest ***********
2024-12-21 18:33:51 [TestNG-tests-3] INFO  testCases.TC001_AccountRegistrationTest - Started ********* TC001_AccountRegistrationTest ***********
2024-12-21 18:33:51 [TestNG-tests-3] INFO  testCases.TC001_AccountRegistrationTest - Clicked on MyAccount link...
2024-12-21 18:33:52 [TestNG-tests-3] INFO  testCases.TC001_AccountRegistrationTest - Clicked on Register link...
2024-12-21 18:33:53 [TestNG-tests-3] INFO  testCases.TC001_AccountRegistrationTest - Validating expected message......
2024-12-21 18:33:53 [TestNG-tests-3] INFO  testCases.TC001_AccountRegistrationTest - Finished ********* TC001_AccountRegistrationTest ***********
