2024-12-20 20:03:22 [main] INFO  org.testng.internal.Utils - [TestNG] Running:
  C:\Users\ADMIN\AppData\Local\JetBrains\IdeaIC2024.3\temp-testng-customsuite.xml

2024-12-20 20:03:32 [main] INFO  testCases.TC001_AccountRegistrationTest - Started ********* TC001_AccountRegistrationTest ***********
2024-12-20 20:03:32 [main] INFO  testCases.TC001_AccountRegistrationTest - Clicked on MyAccount link...
2024-12-20 20:03:34 [main] INFO  testCases.TC001_AccountRegistrationTest - Clicked on Register link...
2024-12-20 20:03:36 [main] INFO  testCases.TC001_AccountRegistrationTest - Validating expected message......
2024-12-20 20:03:36 [main] INFO  testCases.TC001_AccountRegistrationTest - Finished ********* TC001_AccountRegistrationTest ***********
2024-12-20 20:16:10 [main] DEBUG org.testng.TestNG - suiteXmlPath: "C:\Users\ADMIN\AppData\Local\JetBrains\IdeaIC2024.3\temp-testng-customsuite.xml"
2024-12-20 20:16:11 [main] INFO  org.testng.internal.Utils - [TestNG] Running:
  C:\Users\ADMIN\AppData\Local\JetBrains\IdeaIC2024.3\temp-testng-customsuite.xml

2024-12-20 20:16:14 [main] INFO  testCases.TC001_AccountRegistrationTest - Started ********* TC001_AccountRegistrationTest ***********
2024-12-20 20:16:14 [main] INFO  testCases.TC001_AccountRegistrationTest - Clicked on MyAccount link...
2024-12-20 20:16:15 [main] INFO  testCases.TC001_AccountRegistrationTest - Clicked on Register link...
2024-12-20 20:16:17 [main] INFO  testCases.TC001_AccountRegistrationTest - Validating expected message......
2024-12-20 20:16:17 [main] INFO  testCases.TC001_AccountRegistrationTest - Finished ********* TC001_AccountRegistrationTest ***********
2024-12-20 20:16:52 [main] DEBUG org.testng.TestNG - suiteXmlPath: "C:\Users\ADMIN\AppData\Local\JetBrains\IdeaIC2024.3\temp-testng-customsuite.xml"
2024-12-20 20:16:52 [main] INFO  org.testng.internal.Utils - [TestNG] Running:
  C:\Users\ADMIN\AppData\Local\JetBrains\IdeaIC2024.3\temp-testng-customsuite.xml

2024-12-20 20:16:55 [main] INFO  testCases.TC001_AccountRegistrationTest - Started ********* TC001_AccountRegistrationTest ***********
2024-12-20 20:16:56 [main] INFO  testCases.TC001_AccountRegistrationTest - Clicked on MyAccount link...
2024-12-20 20:16:56 [main] INFO  testCases.TC001_AccountRegistrationTest - Clicked on Register link...
2024-12-20 20:16:58 [main] INFO  testCases.TC001_AccountRegistrationTest - Validating expected message......
2024-12-20 20:16:58 [main] ERROR testCases.TC001_AccountRegistrationTest - Test failed....
2024-12-20 20:16:58 [main] DEBUG testCases.TC001_AccountRegistrationTest - Debug logs...
